# JRE version: OpenJDK Runtime Environment Temurin-21.0.10+7 (21.0.10+7) (build 21.0.10+7-LTS)
# Java VM: OpenJDK 64-Bit Server VM Temurin-21.0.10+7 (21.0.10+7-LTS, mixed mode, sharing, tiered, compressed oops, compressed class ptrs, parallel gc, windows-amd64)
GC Precious Log:
 CardTable entry size: 512
 CPUs: 16 total, 16 available
 Memory: 16108M
 Large Page Support: Disabled
 NUMA Support: Disabled
 Compressed Oops: Enabled (32-bit)
 Alignments: Space 512K, Generation 512K, Heap 2M
 Heap Min Capacity: 100M
 Heap Initial Capacity: 100M
 Heap Max Capacity: 2G
 Pre-touch: Disabled
 Parallel Workers: 13
Heap:
 PSYoungGen      total 14848K, used 8351K [0x00000000d5580000, 0x00000000d6580000, 0x0000000100000000)
  eden space 13824K, 53% used [0x00000000d5580000,0x00000000d5cbba40,0x00000000d6300000)
  from space 1024K, 92% used [0x00000000d6480000,0x00000000d656c308,0x00000000d6580000)
  to   space 1024K, 0% used [0x00000000d6380000,0x00000000d6380000,0x00000000d6480000)
 ParOldGen       total 74752K, used 63965K [0x0000000080000000, 0x0000000084900000, 0x00000000d5580000)
  object space 74752K, 85% used [0x0000000080000000,0x0000000083e775a0,0x0000000084900000)
 Metaspace       used 62073K, committed 63488K, reserved 1114112K
  class space    used 6527K, committed 7168K, reserved 1048576K
GC Heap History (20 events):
Event: 8.029 GC heap before
{Heap before GC invocations=72 (full 2):
 PSYoungGen      total 16384K, used 16160K [0x00000000d5580000, 0x00000000d6780000, 0x0000000100000000)
  eden space 15360K, 100% used [0x00000000d5580000,0x00000000d6480000,0x00000000d6480000)
  from space 1024K, 78% used [0x00000000d6480000,0x00000000d6548000,0x00000000d6580000)
  to   space 1536K, 0% used [0x00000000d6600000,0x00000000d6600000,0x00000000d6780000)
 ParOldGen       total 73216K, used 73116K [0x0000000080000000, 0x0000000084780000, 0x00000000d5580000)
  object space 73216K, 99% used [0x0000000080000000,0x0000000084767288,0x0000000084780000)
 Metaspace       used 56766K, committed 58240K, reserved 1114112K
  class space    used 6062K, committed 6656K, reserved 1048576K
}
Event: 8.029 GC heap after
{Heap after GC invocations=72 (full 2):
 PSYoungGen      total 16384K, used 672K [0x00000000d5580000, 0x00000000d6700000, 0x0000000100000000)
  eden space 15360K, 0% used [0x00000000d5580000,0x00000000d5580000,0x00000000d6480000)
  from space 1024K, 65% used [0x00000000d6600000,0x00000000d66a8010,0x00000000d6700000)
  to   space 1024K, 0% used [0x00000000d6480000,0x00000000d6480000,0x00000000d6580000)
 ParOldGen       total 73728K, used 73668K [0x0000000080000000, 0x0000000084800000, 0x00000000d5580000)
  object space 73728K, 99% used [0x0000000080000000,0x00000000847f1288,0x0000000084800000)
 Metaspace       used 56766K, committed 58240K, reserved 1114112K
  class space    used 6062K, committed 6656K, reserved 1048576K
}
Event: 8.178 GC heap before
{Heap before GC invocations=73 (full 2):
 PSYoungGen      total 16384K, used 16032K [0x00000000d5580000, 0x00000000d6700000, 0x0000000100000000)
  eden space 15360K, 100% used [0x00000000d5580000,0x00000000d6480000,0x00000000d6480000)
  from space 1024K, 65% used [0x00000000d6600000,0x00000000d66a8010,0x00000000d6700000)
  to   space 1024K, 0% used [0x00000000d6480000,0x00000000d6480000,0x00000000d6580000)
 ParOldGen       total 73728K, used 73668K [0x0000000080000000, 0x0000000084800000, 0x00000000d5580000)
  object space 73728K, 99% used [0x0000000080000000,0x00000000847f1288,0x0000000084800000)
 Metaspace       used 57727K, committed 59200K, reserved 1114112K
  class space    used 6164K, committed 6784K, reserved 1048576K
}
Event: 8.179 GC heap after
{Heap after GC invocations=73 (full 2):
 PSYoungGen      total 16384K, used 896K [0x00000000d5580000, 0x00000000d6680000, 0x0000000100000000)
  eden space 15360K, 0% used [0x00000000d5580000,0x00000000d5580000,0x00000000d6480000)
  from space 1024K, 87% used [0x00000000d6480000,0x00000000d6560020,0x00000000d6580000)
  to   space 1024K, 0% used [0x00000000d6580000,0x00000000d6580000,0x00000000d6680000)
 ParOldGen       total 74240K, used 73900K [0x0000000080000000, 0x0000000084880000, 0x00000000d5580000)
  object space 74240K, 99% used [0x0000000080000000,0x000000008482b288,0x0000000084880000)
 Metaspace       used 57727K, committed 59200K, reserved 1114112K
  class space    used 6164K, committed 6784K, reserved 1048576K
}
Event: 8.311 GC heap before
{Heap before GC invocations=74 (full 2):
 PSYoungGen      total 16384K, used 7437K [0x00000000d5580000, 0x00000000d6680000, 0x0000000100000000)
  eden space 15360K, 42% used [0x00000000d5580000,0x00000000d5be3658,0x00000000d6480000)
  from space 1024K, 87% used [0x00000000d6480000,0x00000000d6560020,0x00000000d6580000)
  to   space 1024K, 0% used [0x00000000d6580000,0x00000000d6580000,0x00000000d6680000)
 ParOldGen       total 74240K, used 73900K [0x0000000080000000, 0x0000000084880000, 0x00000000d5580000)
  object space 74240K, 99% used [0x0000000080000000,0x000000008482b288,0x0000000084880000)
 Metaspace       used 58320K, committed 59776K, reserved 1114112K
  class space    used 6204K, committed 6848K, reserved 1048576K
}
Event: 8.312 GC heap after
{Heap after GC invocations=74 (full 2):
 PSYoungGen      total 16384K, used 903K [0x00000000d5580000, 0x00000000d6680000, 0x0000000100000000)
  eden space 15360K, 0% used [0x00000000d5580000,0x00000000d5580000,0x00000000d6480000)
  from space 1024K, 88% used [0x00000000d6580000,0x00000000d6661e70,0x00000000d6680000)
  to   space 1024K, 0% used [0x00000000d6480000,0x00000000d6480000,0x00000000d6580000)
 ParOldGen       total 74752K, used 74632K [0x0000000080000000, 0x0000000084900000, 0x00000000d5580000)
  object space 74752K, 99% used [0x0000000080000000,0x00000000848e22b8,0x0000000084900000)
 Metaspace       used 58320K, committed 59776K, reserved 1114112K
  class space    used 6204K, committed 6848K, reserved 1048576K
}
Event: 8.312 GC heap before
{Heap before GC invocations=75 (full 3):
 PSYoungGen      total 16384K, used 903K [0x00000000d5580000, 0x00000000d6680000, 0x0000000100000000)
  eden space 15360K, 0% used [0x00000000d5580000,0x00000000d5580000,0x00000000d6480000)
  from space 1024K, 88% used [0x00000000d6580000,0x00000000d6661e70,0x00000000d6680000)
  to   space 1024K, 0% used [0x00000000d6480000,0x00000000d6480000,0x00000000d6580000)
 ParOldGen       total 74752K, used 74632K [0x0000000080000000, 0x0000000084900000, 0x00000000d5580000)
  object space 74752K, 99% used [0x0000000080000000,0x00000000848e22b8,0x0000000084900000)
 Metaspace       used 58320K, committed 59776K, reserved 1114112K
  class space    used 6204K, committed 6848K, reserved 1048576K
}
Event: 8.389 GC heap after
{Heap after GC invocations=75 (full 3):
 PSYoungGen      total 16384K, used 0K [0x00000000d5580000, 0x00000000d6680000, 0x0000000100000000)
  eden space 15360K, 0% used [0x00000000d5580000,0x00000000d5580000,0x00000000d6480000)
  from space 1024K, 0% used [0x00000000d6580000,0x00000000d6580000,0x00000000d6680000)
  to   space 1024K, 0% used [0x00000000d6480000,0x00000000d6480000,0x00000000d6580000)
 ParOldGen       total 74752K, used 60476K [0x0000000080000000, 0x0000000084900000, 0x00000000d5580000)
  object space 74752K, 80% used [0x0000000080000000,0x0000000083b0f038,0x0000000084900000)
 Metaspace       used 58320K, committed 59776K, reserved 1114112K
  class space    used 6204K, committed 6848K, reserved 1048576K
}
Event: 8.510 GC heap before
{Heap before GC invocations=76 (full 3):
 PSYoungGen      total 16384K, used 15360K [0x00000000d5580000, 0x00000000d6680000, 0x0000000100000000)
  eden space 15360K, 100% used [0x00000000d5580000,0x00000000d6480000,0x00000000d6480000)
  from space 1024K, 0% used [0x00000000d6580000,0x00000000d6580000,0x00000000d6680000)
  to   space 1024K, 0% used [0x00000000d6480000,0x00000000d6480000,0x00000000d6580000)
 ParOldGen       total 74752K, used 60476K [0x0000000080000000, 0x0000000084900000, 0x00000000d5580000)
  object space 74752K, 80% used [0x0000000080000000,0x0000000083b0f038,0x0000000084900000)
 Metaspace       used 59133K, committed 60608K, reserved 1114112K
  class space    used 6277K, committed 6912K, reserved 1048576K
}
Event: 8.512 GC heap after
{Heap after GC invocations=76 (full 3):
 PSYoungGen      total 16384K, used 1017K [0x00000000d5580000, 0x00000000d6880000, 0x0000000100000000)
  eden space 15360K, 0% used [0x00000000d5580000,0x00000000d5580000,0x00000000d6480000)
  from space 1024K, 99% used [0x00000000d6480000,0x00000000d657e410,0x00000000d6580000)
  to   space 2048K, 0% used [0x00000000d6680000,0x00000000d6680000,0x00000000d6880000)
 ParOldGen       total 74752K, used 61236K [0x0000000080000000, 0x0000000084900000, 0x00000000d5580000)
  object space 74752K, 81% used [0x0000000080000000,0x0000000083bcd038,0x0000000084900000)
 Metaspace       used 59133K, committed 60608K, reserved 1114112K
  class space    used 6277K, committed 6912K, reserved 1048576K
}
Event: 8.626 GC heap before
{Heap before GC invocations=77 (full 3):
 PSYoungGen      total 16384K, used 16299K [0x00000000d5580000, 0x00000000d6880000, 0x0000000100000000)
  eden space 15360K, 99% used [0x00000000d5580000,0x00000000d646c950,0x00000000d6480000)
  from space 1024K, 99% used [0x00000000d6480000,0x00000000d657e410,0x00000000d6580000)
  to   space 2048K, 0% used [0x00000000d6680000,0x00000000d6680000,0x00000000d6880000)
 ParOldGen       total 74752K, used 61236K [0x0000000080000000, 0x0000000084900000, 0x00000000d5580000)
  object space 74752K, 81% used [0x0000000080000000,0x0000000083bcd038,0x0000000084900000)
 Metaspace       used 59807K, committed 61312K, reserved 1114112K
  class space    used 6339K, committed 6976K, reserved 1048576K
}
Event: 8.629 GC heap after
{Heap after GC invocations=77 (full 3):
 PSYoungGen      total 15872K, used 2038K [0x00000000d5580000, 0x00000000d6b80000, 0x0000000100000000)
  eden space 13824K, 0% used [0x00000000d5580000,0x00000000d5580000,0x00000000d6300000)
  from space 2048K, 99% used [0x00000000d6680000,0x00000000d687d9b0,0x00000000d6880000)
  to   space 3584K, 0% used [0x00000000d6300000,0x00000000d6300000,0x00000000d6680000)
 ParOldGen       total 74752K, used 62339K [0x0000000080000000, 0x0000000084900000, 0x00000000d5580000)
  object space 74752K, 83% used [0x0000000080000000,0x0000000083ce0f70,0x0000000084900000)
 Metaspace       used 59807K, committed 61312K, reserved 1114112K
  class space    used 6339K, committed 6976K, reserved 1048576K
}
Event: 8.659 GC heap before
{Heap before GC invocations=78 (full 3):
 PSYoungGen      total 15872K, used 15862K [0x00000000d5580000, 0x00000000d6b80000, 0x0000000100000000)
  eden space 13824K, 100% used [0x00000000d5580000,0x00000000d6300000,0x00000000d6300000)
  from space 2048K, 99% used [0x00000000d6680000,0x00000000d687d9b0,0x00000000d6880000)
  to   space 3584K, 0% used [0x00000000d6300000,0x00000000d6300000,0x00000000d6680000)
 ParOldGen       total 74752K, used 62339K [0x0000000080000000, 0x0000000084900000, 0x00000000d5580000)
  object space 74752K, 83% used [0x0000000080000000,0x0000000083ce0f70,0x0000000084900000)
 Metaspace       used 59819K, committed 61312K, reserved 1114112K
  class space    used 6339K, committed 6976K, reserved 1048576K
}
Event: 8.661 GC heap after
{Heap after GC invocations=78 (full 3):
 PSYoungGen      total 14848K, used 617K [0x00000000d5580000, 0x00000000d6700000, 0x0000000100000000)
  eden space 13824K, 0% used [0x00000000d5580000,0x00000000d5580000,0x00000000d6300000)
  from space 1024K, 60% used [0x00000000d6300000,0x00000000d639a6d8,0x00000000d6400000)
  to   space 2048K, 0% used [0x00000000d6500000,0x00000000d6500000,0x00000000d6700000)
 ParOldGen       total 74752K, used 63259K [0x0000000080000000, 0x0000000084900000, 0x00000000d5580000)
  object space 74752K, 84% used [0x0000000080000000,0x0000000083dc6fa8,0x0000000084900000)
 Metaspace       used 59819K, committed 61312K, reserved 1114112K
  class space    used 6339K, committed 6976K, reserved 1048576K
}
Event: 8.694 GC heap before
{Heap before GC invocations=79 (full 3):
 PSYoungGen      total 14848K, used 14441K [0x00000000d5580000, 0x00000000d6700000, 0x0000000100000000)
  eden space 13824K, 100% used [0x00000000d5580000,0x00000000d6300000,0x00000000d6300000)
  from space 1024K, 60% used [0x00000000d6300000,0x00000000d639a6d8,0x00000000d6400000)
  to   space 2048K, 0% used [0x00000000d6500000,0x00000000d6500000,0x00000000d6700000)
 ParOldGen       total 74752K, used 63259K [0x0000000080000000, 0x0000000084900000, 0x00000000d5580000)
  object space 74752K, 84% used [0x0000000080000000,0x0000000083dc6fa8,0x0000000084900000)
 Metaspace       used 60109K, committed 61568K, reserved 1114112K
  class space    used 6357K, committed 6976K, reserved 1048576K
}
Event: 8.695 GC heap after
{Heap after GC invocations=79 (full 3):
 PSYoungGen      total 14336K, used 352K [0x00000000d5580000, 0x00000000d6580000, 0x0000000100000000)
  eden space 13824K, 0% used [0x00000000d5580000,0x00000000d5580000,0x00000000d6300000)
  from space 512K, 68% used [0x00000000d6500000,0x00000000d6558000,0x00000000d6580000)
  to   space 1024K, 0% used [0x00000000d6380000,0x00000000d6380000,0x00000000d6480000)
 ParOldGen       total 74752K, used 63299K [0x0000000080000000, 0x0000000084900000, 0x00000000d5580000)
  object space 74752K, 84% used [0x0000000080000000,0x0000000083dd0fa8,0x0000000084900000)
 Metaspace       used 60109K, committed 61568K, reserved 1114112K
  class space    used 6357K, committed 6976K, reserved 1048576K
}
Event: 8.938 GC heap before
{Heap before GC invocations=80 (full 3):
 PSYoungGen      total 14336K, used 14176K [0x00000000d5580000, 0x00000000d6580000, 0x0000000100000000)
  eden space 13824K, 100% used [0x00000000d5580000,0x00000000d6300000,0x00000000d6300000)
  from space 512K, 68% used [0x00000000d6500000,0x00000000d6558000,0x00000000d6580000)
  to   space 1024K, 0% used [0x00000000d6380000,0x00000000d6380000,0x00000000d6480000)
 ParOldGen       total 74752K, used 63299K [0x0000000080000000, 0x0000000084900000, 0x00000000d5580000)
  object space 74752K, 84% used [0x0000000080000000,0x0000000083dd0fa8,0x0000000084900000)
 Metaspace       used 61458K, committed 62912K, reserved 1114112K
  class space    used 6478K, committed 7104K, reserved 1048576K
}
Event: 8.939 GC heap after
{Heap after GC invocations=80 (full 3):
 PSYoungGen      total 14848K, used 946K [0x00000000d5580000, 0x00000000d6600000, 0x0000000100000000)
  eden space 13824K, 0% used [0x00000000d5580000,0x00000000d5580000,0x00000000d6300000)
  from space 1024K, 92% used [0x00000000d6380000,0x00000000d646c888,0x00000000d6480000)
  to   space 1536K, 0% used [0x00000000d6480000,0x00000000d6480000,0x00000000d6600000)
 ParOldGen       total 74752K, used 63339K [0x0000000080000000, 0x0000000084900000, 0x00000000d5580000)
  object space 74752K, 84% used [0x0000000080000000,0x0000000083ddafa8,0x0000000084900000)
 Metaspace       used 61458K, committed 62912K, reserved 1114112K
  class space    used 6478K, committed 7104K, reserved 1048576K
}
Event: 9.176 GC heap before
{Heap before GC invocations=81 (full 3):
 PSYoungGen      total 14848K, used 14770K [0x00000000d5580000, 0x00000000d6600000, 0x0000000100000000)
  eden space 13824K, 100% used [0x00000000d5580000,0x00000000d6300000,0x00000000d6300000)
  from space 1024K, 92% used [0x00000000d6380000,0x00000000d646c888,0x00000000d6480000)
  to   space 1536K, 0% used [0x00000000d6480000,0x00000000d6480000,0x00000000d6600000)
 ParOldGen       total 74752K, used 63339K [0x0000000080000000, 0x0000000084900000, 0x00000000d5580000)
  object space 74752K, 84% used [0x0000000080000000,0x0000000083ddafa8,0x0000000084900000)
 Metaspace       used 61779K, committed 63296K, reserved 1114112K
  class space    used 6511K, committed 7168K, reserved 1048576K
}
Event: 9.177 GC heap after
{Heap after GC invocations=81 (full 3):
 PSYoungGen      total 14848K, used 944K [0x00000000d5580000, 0x00000000d6580000, 0x0000000100000000)
  eden space 13824K, 0% used [0x00000000d5580000,0x00000000d5580000,0x00000000d6300000)
  from space 1024K, 92% used [0x00000000d6480000,0x00000000d656c308,0x00000000d6580000)
  to   space 1024K, 0% used [0x00000000d6380000,0x00000000d6380000,0x00000000d6480000)
 ParOldGen       total 74752K, used 63965K [0x0000000080000000, 0x0000000084900000, 0x00000000d5580000)
  object space 74752K, 85% used [0x0000000080000000,0x0000000083e775a0,0x0000000084900000)
 Metaspace       used 61779K, committed 63296K, reserved 1114112K
  class space    used 6511K, committed 7168K, reserved 1048576K
}

