# JRE version: OpenJDK Runtime Environment Temurin-21.0.10+7 (21.0.10+7) (build 21.0.10+7-LTS)
# Java VM: OpenJDK 64-Bit Server VM Temurin-21.0.10+7 (21.0.10+7-LTS, mixed mode, sharing, tiered, compressed oops, compressed class ptrs, parallel gc, windows-amd64)
GC Precious Log:
 CardTable entry size: 512
 CPUs: 16 total, 16 available
 Memory: 16108M
 Large Page Support: Disabled
 NUMA Support: Disabled
 Compressed Oops: Enabled (32-bit)
 Alignments: Space 512K, Generation 512K, Heap 2M
 Heap Min Capacity: 100M
 Heap Initial Capacity: 100M
 Heap Max Capacity: 2G
 Pre-touch: Disabled
 Parallel Workers: 13
Heap:
 PSYoungGen      total 20480K, used 19073K [0x00000000d5580000, 0x00000000d6b80000, 0x0000000100000000)
  eden space 18432K, 94% used [0x00000000d5580000,0x00000000d6677440,0x00000000d6780000)
  from space 2048K, 85% used [0x00000000d6780000,0x00000000d6938010,0x00000000d6980000)
  to   space 2048K, 0% used [0x00000000d6980000,0x00000000d6980000,0x00000000d6b80000)
 ParOldGen       total 68608K, used 37681K [0x0000000080000000, 0x0000000084300000, 0x00000000d5580000)
  object space 68608K, 54% used [0x0000000080000000,0x00000000824cc400,0x0000000084300000)
 Metaspace       used 49551K, committed 50880K, reserved 1114112K
  class space    used 5362K, committed 5888K, reserved 1048576K
GC Heap History (20 events):
Event: 4.855 GC heap before
{Heap before GC invocations=20 (full 2):
 PSYoungGen      total 20992K, used 19200K [0x00000000d5580000, 0x00000000d6d00000, 0x0000000100000000)
  eden space 18432K, 100% used [0x00000000d5580000,0x00000000d6780000,0x00000000d6780000)
  from space 2560K, 30% used [0x00000000d6880000,0x00000000d6940000,0x00000000d6b00000)
  to   space 1024K, 0% used [0x00000000d6c00000,0x00000000d6c00000,0x00000000d6d00000)
 ParOldGen       total 68608K, used 31912K [0x0000000080000000, 0x0000000084300000, 0x00000000d5580000)
  object space 68608K, 46% used [0x0000000080000000,0x0000000081f2a2a8,0x0000000084300000)
 Metaspace       used 42977K, committed 44224K, reserved 1114112K
  class space    used 4599K, committed 5120K, reserved 1048576K
}
Event: 4.856 GC heap after
{Heap after GC invocations=20 (full 2):
 PSYoungGen      total 19456K, used 1024K [0x00000000d5580000, 0x00000000d6d00000, 0x0000000100000000)
  eden space 18432K, 0% used [0x00000000d5580000,0x00000000d5580000,0x00000000d6780000)
  from space 1024K, 100% used [0x00000000d6c00000,0x00000000d6d00000,0x00000000d6d00000)
  to   space 2048K, 0% used [0x00000000d6900000,0x00000000d6900000,0x00000000d6b00000)
 ParOldGen       total 68608K, used 32368K [0x0000000080000000, 0x0000000084300000, 0x00000000d5580000)
  object space 68608K, 47% used [0x0000000080000000,0x0000000081f9c2a8,0x0000000084300000)
 Metaspace       used 42977K, committed 44224K, reserved 1114112K
  class space    used 4599K, committed 5120K, reserved 1048576K
}
Event: 5.094 GC heap before
{Heap before GC invocations=21 (full 2):
 PSYoungGen      total 19456K, used 19456K [0x00000000d5580000, 0x00000000d6d00000, 0x0000000100000000)
  eden space 18432K, 100% used [0x00000000d5580000,0x00000000d6780000,0x00000000d6780000)
  from space 1024K, 100% used [0x00000000d6c00000,0x00000000d6d00000,0x00000000d6d00000)
  to   space 2048K, 0% used [0x00000000d6900000,0x00000000d6900000,0x00000000d6b00000)
 ParOldGen       total 68608K, used 32368K [0x0000000080000000, 0x0000000084300000, 0x00000000d5580000)
  object space 68608K, 47% used [0x0000000080000000,0x0000000081f9c2a8,0x0000000084300000)
 Metaspace       used 45105K, committed 46336K, reserved 1114112K
  class space    used 4887K, committed 5440K, reserved 1048576K
}
Event: 5.096 GC heap after
{Heap after GC invocations=21 (full 2):
 PSYoungGen      total 20480K, used 1312K [0x00000000d5580000, 0x00000000d6c80000, 0x0000000100000000)
  eden space 18432K, 0% used [0x00000000d5580000,0x00000000d5580000,0x00000000d6780000)
  from space 2048K, 64% used [0x00000000d6900000,0x00000000d6a48000,0x00000000d6b00000)
  to   space 1536K, 0% used [0x00000000d6b00000,0x00000000d6b00000,0x00000000d6c80000)
 ParOldGen       total 68608K, used 33267K [0x0000000080000000, 0x0000000084300000, 0x00000000d5580000)
  object space 68608K, 48% used [0x0000000080000000,0x000000008207cfb8,0x0000000084300000)
 Metaspace       used 45105K, committed 46336K, reserved 1114112K
  class space    used 4887K, committed 5440K, reserved 1048576K
}
Event: 5.320 GC heap before
{Heap before GC invocations=22 (full 2):
 PSYoungGen      total 20480K, used 19744K [0x00000000d5580000, 0x00000000d6c80000, 0x0000000100000000)
  eden space 18432K, 100% used [0x00000000d5580000,0x00000000d6780000,0x00000000d6780000)
  from space 2048K, 64% used [0x00000000d6900000,0x00000000d6a48000,0x00000000d6b00000)
  to   space 1536K, 0% used [0x00000000d6b00000,0x00000000d6b00000,0x00000000d6c80000)
 ParOldGen       total 68608K, used 33267K [0x0000000080000000, 0x0000000084300000, 0x00000000d5580000)
  object space 68608K, 48% used [0x0000000080000000,0x000000008207cfb8,0x0000000084300000)
 Metaspace       used 46861K, committed 48128K, reserved 1114112K
  class space    used 5075K, committed 5632K, reserved 1048576K
}
Event: 5.321 GC heap after
{Heap after GC invocations=22 (full 2):
 PSYoungGen      total 19968K, used 1147K [0x00000000d5580000, 0x00000000d6c80000, 0x0000000100000000)
  eden space 18432K, 0% used [0x00000000d5580000,0x00000000d5580000,0x00000000d6780000)
  from space 1536K, 74% used [0x00000000d6b00000,0x00000000d6c1eea8,0x00000000d6c80000)
  to   space 1536K, 0% used [0x00000000d6980000,0x00000000d6980000,0x00000000d6b00000)
 ParOldGen       total 68608K, used 34287K [0x0000000080000000, 0x0000000084300000, 0x00000000d5580000)
  object space 68608K, 49% used [0x0000000080000000,0x000000008217bfc8,0x0000000084300000)
 Metaspace       used 46861K, committed 48128K, reserved 1114112K
  class space    used 5075K, committed 5632K, reserved 1048576K
}
Event: 5.477 GC heap before
{Heap before GC invocations=23 (full 2):
 PSYoungGen      total 19968K, used 19579K [0x00000000d5580000, 0x00000000d6c80000, 0x0000000100000000)
  eden space 18432K, 100% used [0x00000000d5580000,0x00000000d6780000,0x00000000d6780000)
  from space 1536K, 74% used [0x00000000d6b00000,0x00000000d6c1eea8,0x00000000d6c80000)
  to   space 1536K, 0% used [0x00000000d6980000,0x00000000d6980000,0x00000000d6b00000)
 ParOldGen       total 68608K, used 34287K [0x0000000080000000, 0x0000000084300000, 0x00000000d5580000)
  object space 68608K, 49% used [0x0000000080000000,0x000000008217bfc8,0x0000000084300000)
 Metaspace       used 46870K, committed 48128K, reserved 1114112K
  class space    used 5075K, committed 5632K, reserved 1048576K
}
Event: 5.479 GC heap after
{Heap after GC invocations=23 (full 2):
 PSYoungGen      total 18944K, used 128K [0x00000000d5580000, 0x00000000d6b80000, 0x0000000100000000)
  eden space 18432K, 0% used [0x00000000d5580000,0x00000000d5580000,0x00000000d6780000)
  from space 512K, 25% used [0x00000000d6980000,0x00000000d69a0000,0x00000000d6a00000)
  to   space 1024K, 0% used [0x00000000d6a80000,0x00000000d6a80000,0x00000000d6b80000)
 ParOldGen       total 68608K, used 35251K [0x0000000080000000, 0x0000000084300000, 0x00000000d5580000)
  object space 68608K, 51% used [0x0000000080000000,0x000000008226cce8,0x0000000084300000)
 Metaspace       used 46870K, committed 48128K, reserved 1114112K
  class space    used 5075K, committed 5632K, reserved 1048576K
}
Event: 5.600 GC heap before
{Heap before GC invocations=24 (full 2):
 PSYoungGen      total 18944K, used 18560K [0x00000000d5580000, 0x00000000d6b80000, 0x0000000100000000)
  eden space 18432K, 100% used [0x00000000d5580000,0x00000000d6780000,0x00000000d6780000)
  from space 512K, 25% used [0x00000000d6980000,0x00000000d69a0000,0x00000000d6a00000)
  to   space 1024K, 0% used [0x00000000d6a80000,0x00000000d6a80000,0x00000000d6b80000)
 ParOldGen       total 68608K, used 35251K [0x0000000080000000, 0x0000000084300000, 0x00000000d5580000)
  object space 68608K, 51% used [0x0000000080000000,0x000000008226cce8,0x0000000084300000)
 Metaspace       used 46870K, committed 48128K, reserved 1114112K
  class space    used 5075K, committed 5632K, reserved 1048576K
}
Event: 5.600 GC heap after
{Heap after GC invocations=24 (full 2):
 PSYoungGen      total 18944K, used 224K [0x00000000d5580000, 0x00000000d6b00000, 0x0000000100000000)
  eden space 18432K, 0% used [0x00000000d5580000,0x00000000d5580000,0x00000000d6780000)
  from space 512K, 43% used [0x00000000d6a80000,0x00000000d6ab8000,0x00000000d6b00000)
  to   space 512K, 0% used [0x00000000d6980000,0x00000000d6980000,0x00000000d6a00000)
 ParOldGen       total 68608K, used 35331K [0x0000000080000000, 0x0000000084300000, 0x00000000d5580000)
  object space 68608K, 51% used [0x0000000080000000,0x0000000082280ce8,0x0000000084300000)
 Metaspace       used 46870K, committed 48128K, reserved 1114112K
  class space    used 5075K, committed 5632K, reserved 1048576K
}
Event: 5.787 GC heap before
{Heap before GC invocations=25 (full 2):
 PSYoungGen      total 18944K, used 18656K [0x00000000d5580000, 0x00000000d6b00000, 0x0000000100000000)
  eden space 18432K, 100% used [0x00000000d5580000,0x00000000d6780000,0x00000000d6780000)
  from space 512K, 43% used [0x00000000d6a80000,0x00000000d6ab8000,0x00000000d6b00000)
  to   space 512K, 0% used [0x00000000d6980000,0x00000000d6980000,0x00000000d6a00000)
 ParOldGen       total 68608K, used 35331K [0x0000000080000000, 0x0000000084300000, 0x00000000d5580000)
  object space 68608K, 51% used [0x0000000080000000,0x0000000082280ce8,0x0000000084300000)
 Metaspace       used 47084K, committed 48384K, reserved 1114112K
  class space    used 5097K, committed 5632K, reserved 1048576K
}
Event: 5.788 GC heap after
{Heap after GC invocations=25 (full 2):
 PSYoungGen      total 18944K, used 384K [0x00000000d5580000, 0x00000000d6b00000, 0x0000000100000000)
  eden space 18432K, 0% used [0x00000000d5580000,0x00000000d5580000,0x00000000d6780000)
  from space 512K, 75% used [0x00000000d6980000,0x00000000d69e0000,0x00000000d6a00000)
  to   space 512K, 0% used [0x00000000d6a80000,0x00000000d6a80000,0x00000000d6b00000)
 ParOldGen       total 68608K, used 35347K [0x0000000080000000, 0x0000000084300000, 0x00000000d5580000)
  object space 68608K, 51% used [0x0000000080000000,0x0000000082284ce8,0x0000000084300000)
 Metaspace       used 47084K, committed 48384K, reserved 1114112K
  class space    used 5097K, committed 5632K, reserved 1048576K
}
Event: 5.882 GC heap before
{Heap before GC invocations=26 (full 2):
 PSYoungGen      total 18944K, used 18816K [0x00000000d5580000, 0x00000000d6b00000, 0x0000000100000000)
  eden space 18432K, 100% used [0x00000000d5580000,0x00000000d6780000,0x00000000d6780000)
  from space 512K, 75% used [0x00000000d6980000,0x00000000d69e0000,0x00000000d6a00000)
  to   space 512K, 0% used [0x00000000d6a80000,0x00000000d6a80000,0x00000000d6b00000)
 ParOldGen       total 68608K, used 35347K [0x0000000080000000, 0x0000000084300000, 0x00000000d5580000)
  object space 68608K, 51% used [0x0000000080000000,0x0000000082284ce8,0x0000000084300000)
 Metaspace       used 47085K, committed 48384K, reserved 1114112K
  class space    used 5097K, committed 5632K, reserved 1048576K
}
Event: 5.882 GC heap after
{Heap after GC invocations=26 (full 2):
 PSYoungGen      total 18944K, used 32K [0x00000000d5580000, 0x00000000d6b00000, 0x0000000100000000)
  eden space 18432K, 0% used [0x00000000d5580000,0x00000000d5580000,0x00000000d6780000)
  from space 512K, 6% used [0x00000000d6a80000,0x00000000d6a88000,0x00000000d6b00000)
  to   space 512K, 0% used [0x00000000d6980000,0x00000000d6980000,0x00000000d6a00000)
 ParOldGen       total 68608K, used 35470K [0x0000000080000000, 0x0000000084300000, 0x00000000d5580000)
  object space 68608K, 51% used [0x0000000080000000,0x00000000822a3858,0x0000000084300000)
 Metaspace       used 47085K, committed 48384K, reserved 1114112K
  class space    used 5097K, committed 5632K, reserved 1048576K
}
Event: 6.039 GC heap before
{Heap before GC invocations=27 (full 2):
 PSYoungGen      total 18944K, used 18457K [0x00000000d5580000, 0x00000000d6b00000, 0x0000000100000000)
  eden space 18432K, 99% used [0x00000000d5580000,0x00000000d677e560,0x00000000d6780000)
  from space 512K, 6% used [0x00000000d6a80000,0x00000000d6a88000,0x00000000d6b00000)
  to   space 512K, 0% used [0x00000000d6980000,0x00000000d6980000,0x00000000d6a00000)
 ParOldGen       total 68608K, used 35470K [0x0000000080000000, 0x0000000084300000, 0x00000000d5580000)
  object space 68608K, 51% used [0x0000000080000000,0x00000000822a3858,0x0000000084300000)
 Metaspace       used 48351K, committed 49664K, reserved 1114112K
  class space    used 5242K, committed 5824K, reserved 1048576K
}
Event: 6.040 GC heap after
{Heap after GC invocations=27 (full 2):
 PSYoungGen      total 18944K, used 504K [0x00000000d5580000, 0x00000000d6b00000, 0x0000000100000000)
  eden space 18432K, 0% used [0x00000000d5580000,0x00000000d5580000,0x00000000d6780000)
  from space 512K, 98% used [0x00000000d6980000,0x00000000d69fe1a8,0x00000000d6a00000)
  to   space 1024K, 0% used [0x00000000d6a00000,0x00000000d6a00000,0x00000000d6b00000)
 ParOldGen       total 68608K, used 35646K [0x0000000080000000, 0x0000000084300000, 0x00000000d5580000)
  object space 68608K, 51% used [0x0000000080000000,0x00000000822cf858,0x0000000084300000)
 Metaspace       used 48351K, committed 49664K, reserved 1114112K
  class space    used 5242K, committed 5824K, reserved 1048576K
}
Event: 6.123 GC heap before
{Heap before GC invocations=28 (full 2):
 PSYoungGen      total 18944K, used 18936K [0x00000000d5580000, 0x00000000d6b00000, 0x0000000100000000)
  eden space 18432K, 100% used [0x00000000d5580000,0x00000000d6780000,0x00000000d6780000)
  from space 512K, 98% used [0x00000000d6980000,0x00000000d69fe1a8,0x00000000d6a00000)
  to   space 1024K, 0% used [0x00000000d6a00000,0x00000000d6a00000,0x00000000d6b00000)
 ParOldGen       total 68608K, used 35646K [0x0000000080000000, 0x0000000084300000, 0x00000000d5580000)
  object space 68608K, 51% used [0x0000000080000000,0x00000000822cf858,0x0000000084300000)
 Metaspace       used 49161K, committed 50432K, reserved 1114112K
  class space    used 5302K, committed 5824K, reserved 1048576K
}
Event: 6.125 GC heap after
{Heap after GC invocations=28 (full 2):
 PSYoungGen      total 19456K, used 992K [0x00000000d5580000, 0x00000000d6c80000, 0x0000000100000000)
  eden space 18432K, 0% used [0x00000000d5580000,0x00000000d5580000,0x00000000d6780000)
  from space 1024K, 96% used [0x00000000d6a00000,0x00000000d6af8030,0x00000000d6b00000)
  to   space 2560K, 0% used [0x00000000d6780000,0x00000000d6780000,0x00000000d6a00000)
 ParOldGen       total 68608K, used 36652K [0x0000000080000000, 0x0000000084300000, 0x00000000d5580000)
  object space 68608K, 53% used [0x0000000080000000,0x00000000823cb078,0x0000000084300000)
 Metaspace       used 49161K, committed 50432K, reserved 1114112K
  class space    used 5302K, committed 5824K, reserved 1048576K
}
Event: 6.154 GC heap before
{Heap before GC invocations=29 (full 2):
 PSYoungGen      total 19456K, used 19424K [0x00000000d5580000, 0x00000000d6c80000, 0x0000000100000000)
  eden space 18432K, 100% used [0x00000000d5580000,0x00000000d6780000,0x00000000d6780000)
  from space 1024K, 96% used [0x00000000d6a00000,0x00000000d6af8030,0x00000000d6b00000)
  to   space 2560K, 0% used [0x00000000d6780000,0x00000000d6780000,0x00000000d6a00000)
 ParOldGen       total 68608K, used 36652K [0x0000000080000000, 0x0000000084300000, 0x00000000d5580000)
  object space 68608K, 53% used [0x0000000080000000,0x00000000823cb078,0x0000000084300000)
 Metaspace       used 49162K, committed 50432K, reserved 1114112K
  class space    used 5302K, committed 5824K, reserved 1048576K
}
Event: 6.155 GC heap after
{Heap after GC invocations=29 (full 2):
 PSYoungGen      total 20480K, used 1760K [0x00000000d5580000, 0x00000000d6b80000, 0x0000000100000000)
  eden space 18432K, 0% used [0x00000000d5580000,0x00000000d5580000,0x00000000d6780000)
  from space 2048K, 85% used [0x00000000d6780000,0x00000000d6938010,0x00000000d6980000)
  to   space 2048K, 0% used [0x00000000d6980000,0x00000000d6980000,0x00000000d6b80000)
 ParOldGen       total 68608K, used 37681K [0x0000000080000000, 0x0000000084300000, 0x00000000d5580000)
  object space 68608K, 54% used [0x0000000080000000,0x00000000824cc400,0x0000000084300000)
 Metaspace       used 49162K, committed 50432K, reserved 1114112K
  class space    used 5302K, committed 5824K, reserved 1048576K
}

